
SQL*Loader: Release 11.2.0.2.0 - Production on Sáb Oct 14 16:15:53 2017

Copyright (c) 1982, 2009, Oracle and/or its affiliates.  All rights reserved.

Control File:   usuarios.ctl
Character Set WE8MSWIN1252 specified for all input.

Data File:      usuario.txt
  Bad File:     usuario.bad
  Discard File:  none specified
 
 (Allow all discards)

Number to load: ALL
Number to skip: 0
Errors allowed: 50
Bind array:     64 rows, maximum of 256000 bytes
Continuation:    none specified
Path used:      Conventional

Table T_US, loaded from every logical record.
Insert option in effect for this table: TRUNCATE
TRAILING NULLCOLS option in effect

   Column Name                  Position   Len  Term Encl Datatype
------------------------------ ---------- ----- ---- ---- ---------------------
C1                                   1:10    10           CHARACTER            
  (BOUNDFILLER FIELD)
CARNE                                NEXT     1           CHARACTER            
    SQL string for column : ":c1"
NOMBRE                              12:61    50           CHARACTER            
    SQL string for column : "TRIM(:nombre)"
CLAVE                              63:112    50           CHARACTER            
    SQL string for column : "TRIM(:clave)"
TIPO                              114:163    50           CHARACTER            
    SQL string for column : "TRIM(:tipo)"


Table T_US:
  4 Rows successfully loaded.
  0 Rows not loaded due to data errors.
  0 Rows not loaded because all WHEN clauses were failed.
  0 Rows not loaded because all fields were null.


Space allocated for bind array:                  11008 bytes(64 rows)
Read   buffer bytes: 1048576

Total logical records skipped:          0
Total logical records read:             4
Total logical records rejected:         0
Total logical records discarded:        0

Run began on Sáb Oct 14 16:15:53 2017
Run ended on Sáb Oct 14 16:15:53 2017

Elapsed time was:     00:00:00.07
CPU time was:         00:00:00.01
